Arguments: 
  C:\Program Files\nodejs\node.exe C:\Users\hp\AppData\Roaming\npm\node_modules\yarn\bin\yarn.js build

PATH: 
  C:\Program Files\Git\mingw64\bin;C:\Program Files\Git\usr\bin;C:\Users\hp\bin;C:\Windows\system32;C:\Windows;C:\Windows\System32\Wbem;C:\Windows\System32\WindowsPowerShell\v1.0;C:\Program Files\Git\cmd;C:\Program Files (x86)\HP\IdrsOCR_15.2.10.1114;C:\Program Files (x86)\Skype\Phone;C:\xampp\php;C:\ProgramData\ComposerSetup\bin;C:\HashiCorp\Vagrant\bin;C:\jdk-13\bin;C:\Program Files\nodejs;C:\Program Files (x86)\OpenSSH\bin;C:\Program Files\PuTTY;C:\Program Files\MongoDB\Server\4.2\bin;C:\jdk-13\bin;C:\Program Files\JetBrains\PhpStorm 2019.1.3\bin;C:\Users\hp\AppData\Roaming\npm;C:\Program Files\Docker Toolbox;C:\Program Files\heroku\bin

Yarn version: 
  1.22.5

Node version: 
  12.14.1

Platform: 
  win32 x64

Trace: 
  SyntaxError: C:\Users\hp\Desktop\Full stack\Tomilola\tomiServer\package.json: Unexpected token / in JSON at position 159
      at JSON.parse (<anonymous>)
      at C:\Users\hp\AppData\Roaming\npm\node_modules\yarn\lib\cli.js:1625:59
      at Generator.next (<anonymous>)
      at step (C:\Users\hp\AppData\Roaming\npm\node_modules\yarn\lib\cli.js:310:30)
      at C:\Users\hp\AppData\Roaming\npm\node_modules\yarn\lib\cli.js:321:13

npm manifest: 
  {
    "engines": {
     "node" : "12.14.1"
    },
    "name": "tomiserver",
    "version": "0.0.0",
    "private": true,
    "scripts": {
      "start": "node ./bin/www",
      /*"build" : "cd frontend && npm run build",*/
      //"install-client": "cd frontend && npm install",
      "heroku-postbuild": "cd frontend && npm install && npm run build"
      //"client" : "cd frontend && npm start"
    },
    "dependencies": {
      "assert": "^2.0.0",
      "cookie-parser": "~1.4.4",
      "cors": "^2.8.4",
      "debug": "~2.6.9",
      "express": "~4.16.1",
      "http-errors": "~1.6.3",
      "jade": "~1.11.0",
      "mongodb": "^3.6.3",
      "mongoose": "^5.10.15",
      "morgan": "~1.9.1"
    }
  }

yarn manifest: 
  No manifest

Lockfile: 
  No lockfile
